#
# There is insufficient memory for the Java Runtime Environment to continue.
# Native memory allocation (mmap) failed to map 268435456 bytes for G1 virtual space
# Possible reasons:
#   The system is out of physical RAM or swap space
#   The process is running with CompressedOops enabled, and the Java Heap may be blocking the growth of the native heap
# Possible solutions:
#   Reduce memory load on the system
#   Increase physical memory or swap space
#   Check if swap backing store is full
#   Decrease Java heap size (-Xmx/-Xms)
#   Decrease number of Java threads
#   Decrease Java thread stack sizes (-Xss)
#   Set larger code cache with -XX:ReservedCodeCacheSize=
#   JVM is running with Zero Based Compressed Oops mode in which the Java heap is
#     placed in the first 32GB address space. The Java Heap base address is the
#     maximum limit for the native heap growth. Please use -XX:HeapBaseMinAddress
#     to set the Java Heap base and to place the Java Heap above 32GB virtual address.
# This output file may be truncated or incomplete.
#
#  Out of Memory Error (os_windows.cpp:3617), pid=25380, tid=28528
#
# JRE version:  (17.0.8.1+1) (build )
# Java VM: OpenJDK 64-Bit Server VM (17.0.8.1+1, mixed mode, sharing, tiered, compressed oops, compressed class ptrs, g1 gc, windows-amd64)
# No core dump will be written. Minidumps are not enabled by default on client versions of Windows
#

---------------  S U M M A R Y ------------

Command Line: -Dfile.encoding=UTF-8 -Dstdout.encoding=UTF-8 -Dstderr.encoding=UTF-8 --module-path=C:\Users\Arshad Ahmed\RailwayManagementSystem\bin -XX:+ShowCodeDetailsInExceptionMessages -Djdk.module.main=RailwayManagementSystem RailwayManagementSystem/RailwayManagementSystem.Main

Host: Intel(R) Core(TM) i7-6700HQ CPU @ 2.60GHz, 8 cores, 15G,  Windows 11 , 64 bit Build 22621 (10.0.22621.726)
Time: Sun May 26 14:41:28 2024 Pakistan Standard Time elapsed time: 0.015110 seconds (0d 0h 0m 0s)

---------------  T H R E A D  ---------------

Current thread (0x00000247d46c4b20):  JavaThread "Unknown thread" [_thread_in_vm, id=28528, stack(0x000000969d800000,0x000000969d900000)]

Stack: [0x000000969d800000,0x000000969d900000]
Native frames: (J=compiled Java code, j=interpreted, Vv=VM code, C=native code)
V  [jvm.dll+0x678b0a]
V  [jvm.dll+0x835e84]
V  [jvm.dll+0x83762e]
V  [jvm.dll+0x837c93]
V  [jvm.dll+0x24746f]
V  [jvm.dll+0x675859]
V  [jvm.dll+0x66a0ea]
V  [jvm.dll+0x306c7b]
V  [jvm.dll+0x30e166]
V  [jvm.dll+0x35dd3e]
V  [jvm.dll+0x35df6f]
V  [jvm.dll+0x2ddb48]
V  [jvm.dll+0x2deab4]
V  [jvm.dll+0x807f31]
V  [jvm.dll+0x36bb21]
V  [jvm.dll+0x7e733c]
V  [jvm.dll+0x3ee4af]
V  [jvm.dll+0x3f00c1]
C  [jli.dll+0x528b]
C  [ucrtbase.dll+0x29363]
C  [KERNEL32.DLL+0x1244d]
C  [ntdll.dll+0x5df78]


---------------  P R O C E S S  ---------------

Threads class SMR info:
_java_thread_list=0x00007ffb49f8a018, length=0, elements={
}

Java Threads: ( => current thread )

Other Threads:
  0x00000247d4733c90 GCTaskThread "GC Thread#0" [stack: 0x000000969d900000,0x000000969da00000] [id=3320]
  0x00000247d47448f0 ConcurrentGCThread "G1 Main Marker" [stack: 0x000000969da00000,0x000000969db00000] [id=29956]
  0x00000247d47469b0 ConcurrentGCThread "G1 Conc#0" [stack: 0x000000969db00000,0x000000969dc00000] [id=29012]

[error occurred during error reporting (printing all threads), id 0xc0000005, EXCEPTION_ACCESS_VIOLATION (0xc0000005) at pc=0x00007ffb4975e587]

VM state: not at safepoint (not fully initialized)

VM Mutex/Monitor currently owned by a thread:  ([mutex/lock_event])
[0x00000247d46c0020] Heap_lock - owner thread: 0x00000247d46c4b20

Heap address: 0x0000000701e00000, size: 4066 MB, Compressed Oops mode: Zero based, Oop shift amount: 3

CDS archive(s) mapped at: [0x0000000000000000-0x0000000000000000-0x0000000000000000), size 0, SharedBaseAddress: 0x0000000800000000, ArchiveRelocationMode: 1.
Narrow klass base: 0x0000000000000000, Narrow klass shift: 0, Narrow klass range: 0x0

GC Precious Log:
<Empty>

Heap:
 garbage-first heap   total 0K, used 0K [0x0000000701e00000, 0x0000000800000000)
  region size 2048K, 0 young (0K), 0 survivors (0K)

[error occurred during error reporting (printing heap information), id 0xc0000005, EXCEPTION_ACCESS_VIOLATION (0xc0000005) at pc=0x00007ffb49b42699]

GC Heap History (0 events):
No events

Dll operation events (1 events):
Event: 0.010 Loaded shared library D:\eclipse\plugins\org.eclipse.justj.openjdk.hotspot.jre.full.win32.x86_64_17.0.8.v20230831-1047\jre\bin\java.dll

Deoptimization events (0 events):
No events

Classes unloaded (0 events):
No events

Classes redefined (0 events):
No events

Internal exceptions (0 events):
No events

VM Operations (0 events):
No events

Events (0 events):
No events


Dynamic libraries:
0x00007ff624570000 - 0x00007ff62457e000 	D:\eclipse\plugins\org.eclipse.justj.openjdk.hotspot.jre.full.win32.x86_64_17.0.8.v20230831-1047\jre\bin\javaw.exe
0x00007ffbb5f30000 - 0x00007ffbb6144000 	C:\Windows\SYSTEM32\ntdll.dll
0x00007ffbb44a0000 - 0x00007ffbb4562000 	C:\Windows\System32\KERNEL32.DLL
0x00007ffbb3360000 - 0x00007ffbb36fc000 	C:\Windows\System32\KERNELBASE.dll
0x00007ffbb3ac0000 - 0x00007ffbb3bd1000 	C:\Windows\System32\ucrtbase.dll
0x00007ffb9e130000 - 0x00007ffb9e149000 	D:\eclipse\plugins\org.eclipse.justj.openjdk.hotspot.jre.full.win32.x86_64_17.0.8.v20230831-1047\jre\bin\VCRUNTIME140.dll
0x00007ffb9e0e0000 - 0x00007ffb9e0f7000 	D:\eclipse\plugins\org.eclipse.justj.openjdk.hotspot.jre.full.win32.x86_64_17.0.8.v20230831-1047\jre\bin\jli.dll
0x00007ffbb4570000 - 0x00007ffbb471a000 	C:\Windows\System32\USER32.dll
0x00007ffb931d0000 - 0x00007ffb9345e000 	C:\Windows\WinSxS\amd64_microsoft.windows.common-controls_6595b64144ccf1df_6.0.22621.436_none_a94247dbc10d8414\COMCTL32.dll
0x00007ffbb3be0000 - 0x00007ffbb3c06000 	C:\Windows\System32\win32u.dll
0x00007ffbb3eb0000 - 0x00007ffbb3f57000 	C:\Windows\System32\msvcrt.dll
0x00007ffbb4460000 - 0x00007ffbb4489000 	C:\Windows\System32\GDI32.dll
0x00007ffbb38e0000 - 0x00007ffbb39f2000 	C:\Windows\System32\gdi32full.dll
0x00007ffbb3c90000 - 0x00007ffbb3d2a000 	C:\Windows\System32\msvcp_win.dll
0x00007ffbb4250000 - 0x00007ffbb4282000 	C:\Windows\System32\IMM32.DLL
0x00007ffb9e120000 - 0x00007ffb9e12c000 	D:\eclipse\plugins\org.eclipse.justj.openjdk.hotspot.jre.full.win32.x86_64_17.0.8.v20230831-1047\jre\bin\vcruntime140_1.dll
0x00007ffb6b090000 - 0x00007ffb6b121000 	D:\eclipse\plugins\org.eclipse.justj.openjdk.hotspot.jre.full.win32.x86_64_17.0.8.v20230831-1047\jre\bin\msvcp140.dll
0x00007ffb49470000 - 0x00007ffb4a0bc000 	D:\eclipse\plugins\org.eclipse.justj.openjdk.hotspot.jre.full.win32.x86_64_17.0.8.v20230831-1047\jre\bin\server\jvm.dll
0x00007ffbb5430000 - 0x00007ffbb54de000 	C:\Windows\System32\ADVAPI32.dll
0x00007ffbb5540000 - 0x00007ffbb55e4000 	C:\Windows\System32\sechost.dll
0x00007ffbb4860000 - 0x00007ffbb4975000 	C:\Windows\System32\RPCRT4.dll
0x00007ffba9f50000 - 0x00007ffba9f59000 	C:\Windows\SYSTEM32\WSOCK32.dll
0x00007ffbb2260000 - 0x00007ffbb22ad000 	C:\Windows\SYSTEM32\POWRPROF.dll
0x00007ffba8cc0000 - 0x00007ffba8cf4000 	C:\Windows\SYSTEM32\WINMM.dll
0x00007ffbb3d30000 - 0x00007ffbb3da1000 	C:\Windows\System32\WS2_32.dll
0x00007ffba9940000 - 0x00007ffba994a000 	C:\Windows\SYSTEM32\VERSION.dll
0x00007ffbb2240000 - 0x00007ffbb2253000 	C:\Windows\SYSTEM32\UMPDC.dll
0x00007ffbb2490000 - 0x00007ffbb24a8000 	C:\Windows\SYSTEM32\kernel.appcore.dll
0x00007ffb9e100000 - 0x00007ffb9e10a000 	D:\eclipse\plugins\org.eclipse.justj.openjdk.hotspot.jre.full.win32.x86_64_17.0.8.v20230831-1047\jre\bin\jimage.dll
0x00007ffbaad10000 - 0x00007ffbaaf3e000 	C:\Windows\SYSTEM32\DBGHELP.DLL
0x00007ffbb5ae0000 - 0x00007ffbb5e69000 	C:\Windows\System32\combase.dll
0x00007ffbb3dd0000 - 0x00007ffbb3ea7000 	C:\Windows\System32\OLEAUT32.dll
0x00007ffb96630000 - 0x00007ffb96662000 	C:\Windows\SYSTEM32\dbgcore.DLL
0x00007ffbb3c10000 - 0x00007ffbb3c8b000 	C:\Windows\System32\bcryptPrimitives.dll
0x00007ffb9de10000 - 0x00007ffb9de35000 	D:\eclipse\plugins\org.eclipse.justj.openjdk.hotspot.jre.full.win32.x86_64_17.0.8.v20230831-1047\jre\bin\java.dll

dbghelp: loaded successfully - version: 4.0.5 - missing functions: none
symbol engine: initialized successfully - sym options: 0x614 - pdb path: .;D:\eclipse\plugins\org.eclipse.justj.openjdk.hotspot.jre.full.win32.x86_64_17.0.8.v20230831-1047\jre\bin;C:\Windows\SYSTEM32;C:\Windows\WinSxS\amd64_microsoft.windows.common-controls_6595b64144ccf1df_6.0.22621.436_none_a94247dbc10d8414;D:\eclipse\plugins\org.eclipse.justj.openjdk.hotspot.jre.full.win32.x86_64_17.0.8.v20230831-1047\jre\bin\server

VM Arguments:
jvm_args: -Dfile.encoding=UTF-8 -Dstdout.encoding=UTF-8 -Dstderr.encoding=UTF-8 --module-path=C:\Users\Arshad Ahmed\RailwayManagementSystem\bin -XX:+ShowCodeDetailsInExceptionMessages -Djdk.module.main=RailwayManagementSystem 
java_command: RailwayManagementSystem/RailwayManagementSystem.Main
java_class_path (initial): C:\Users\Arshad Ahmed\Downloads\mysql-connector-j-8.3.0\mysql-connector-j-8.3.0\mysql-connector-j-8.3.0.jar
Launcher Type: SUN_STANDARD

[Global flags]
     intx CICompilerCount                          = 4                                         {product} {ergonomic}
     uint ConcGCThreads                            = 2                                         {product} {ergonomic}
     uint G1ConcRefinementThreads                  = 8                                         {product} {ergonomic}
   size_t G1HeapRegionSize                         = 2097152                                   {product} {ergonomic}
    uintx GCDrainStackTargetSize                   = 64                                        {product} {ergonomic}
   size_t InitialHeapSize                          = 268435456                                 {product} {ergonomic}
   size_t MarkStackSize                            = 4194304                                   {product} {ergonomic}
   size_t MaxHeapSize                              = 4263510016                                {product} {ergonomic}
   size_t MinHeapDeltaBytes                        = 2097152                                   {product} {ergonomic}
   size_t MinHeapSize                              = 8388608                                   {product} {ergonomic}
    uintx NonNMethodCodeHeapSize                   = 5839372                                {pd product} {ergonomic}
    uintx NonProfiledCodeHeapSize                  = 122909434                              {pd product} {ergonomic}
    uintx ProfiledCodeHeapSize                     = 122909434                              {pd product} {ergonomic}
    uintx ReservedCodeCacheSize                    = 251658240                              {pd product} {ergonomic}
     bool SegmentedCodeCache                       = true                                      {product} {ergonomic}
     bool ShowCodeDetailsInExceptionMessages       = true                                   {manageable} {command line}
   size_t SoftMaxHeapSize                          = 4263510016                             {manageable} {ergonomic}
     bool UseCompressedClassPointers               = true                           {product lp64_product} {ergonomic}
     bool UseCompressedOops                        = true                           {product lp64_product} {ergonomic}
     bool UseG1GC                                  = true                                      {product} {ergonomic}
     bool UseLargePagesIndividualAllocation        = false                                  {pd product} {ergonomic}

Logging:
Log output configuration:
 #0: stdout all=warning uptime,level,tags
 #1: stderr all=off uptime,level,tags

Environment Variables:
PATH=D:/eclipse//plugins/org.eclipse.justj.openjdk.hotspot.jre.full.win32.x86_64_17.0.8.v20230831-1047/jre/bin/server;D:/eclipse//plugins/org.eclipse.justj.openjdk.hotspot.jre.full.win32.x86_64_17.0.8.v20230831-1047/jre/bin;C:\Python311\Scripts\;C:\Python311\;C:\Windows\system32;C:\Windows;C:\Windows\System32\Wbem;C:\Windows\System32\WindowsPowerShell\v1.0\;C:\Windows\System32\OpenSSH\;C:\Program Files (x86)\Intel\Intel(R) Management Engine Components\DAL;C:\Program Files\Intel\Intel(R) Management Engine Components\DAL;C:\ProgramData\chocolatey\bin;C:\Program Files\Microsoft SQL Server\150\Tools\Binn\;C:\Program Files\Microsoft SQL Server\Client SDK\ODBC\170\Tools\Binn\;C:\Program Files (x86)\Microsoft SQL Server\160\Tools\Binn\;C:\Program Files\Microsoft SQL Server\160\Tools\Binn\;C:\Program Files\Microsoft SQL Server\160\DTS\Binn\;D:\Softwares\;C:\Users\Arshad Ahmed\AppData\Local\Microsoft\WindowsApps;;D:\Softwares\Microsoft VS Code\bin;C:\Program Files\Azure Data Studio\bin;C:\Users\Arshad Ahmed\AppData\Roaming\npm;D:\eclipse;
USERNAME=Arshad Ahmed
OS=Windows_NT
PROCESSOR_IDENTIFIER=Intel64 Family 6 Model 94 Stepping 3, GenuineIntel
TMP=C:\Users\ARSHAD~1\AppData\Local\Temp
TEMP=C:\Users\ARSHAD~1\AppData\Local\Temp



---------------  S Y S T E M  ---------------

OS:
 Windows 11 , 64 bit Build 22621 (10.0.22621.726)
OS uptime: 4 days 21:25 hours
Hyper-V role detected

CPU: total 8 (initial active 8) (4 cores per cpu, 2 threads per core) family 6 model 94 stepping 3 microcode 0xf0, cx8, cmov, fxsr, ht, mmx, 3dnowpref, sse, sse2, sse3, ssse3, sse4.1, sse4.2, popcnt, lzcnt, tsc, tscinvbit, avx, avx2, aes, erms, clmul, bmi1, bmi2, rtm, adx, fma, vzeroupper, clflush, clflushopt, hv
Processor Information for all 8 processors :
  Max Mhz: 2592, Current Mhz: 2592, Mhz Limit: 2592

Memory: 4k page, system-wide physical 16263M (4931M free)
TotalPageFile size 31433M (AvailPageFile size 97M)
current process WorkingSet (physical memory assigned to process): 11M, peak: 11M
current process commit charge ("private bytes"): 60M, peak: 316M

vm_info: OpenJDK 64-Bit Server VM (17.0.8.1+1) for windows-amd64 JRE (17.0.8.1+1), built on Aug 23 2023 15:29:17 by "admin" with MS VC++ 16.7 (VS2019)

END.
